<?xml version="1.0" encoding="UTF-8"?>
<testsuite xmlns:xsi="http://www.w3.org/2001/XMLSchema-instance" xsi:noNamespaceSchemaLocation="https://maven.apache.org/surefire/maven-surefire-plugin/xsd/surefire-test-report.xsd" name="edu.itmd4515.abardwell.DressTest" time="2.728" tests="5" errors="0" skipped="0" failures="1">
  <properties>
    <property name="sun.desktop" value="windows"/>
    <property name="awt.toolkit" value="sun.awt.windows.WToolkit"/>
    <property name="java.specification.version" value="11"/>
    <property name="sun.cpu.isalist" value="amd64"/>
    <property name="sun.jnu.encoding" value="Cp1252"/>
    <property name="java.class.path" value="C:\Users\abardwe\IdeaProjects\abardwell-fp\target\test-classes;C:\Users\abardwe\IdeaProjects\abardwell-fp\target\classes;C:\Users\abardwe\.m2\repository\javax\javaee-web-api\8.0.1\javaee-web-api-8.0.1.jar;C:\Users\abardwe\.m2\repository\mysql\mysql-connector-java\8.0.25\mysql-connector-java-8.0.25.jar;C:\Users\abardwe\.m2\repository\com\google\protobuf\protobuf-java\3.11.4\protobuf-java-3.11.4.jar;C:\Users\abardwe\.m2\repository\org\eclipse\persistence\org.eclipse.persistence.jpa\2.7.9\org.eclipse.persistence.jpa-2.7.9.jar;C:\Users\abardwe\.m2\repository\org\eclipse\persistence\jakarta.persistence\2.2.3\jakarta.persistence-2.2.3.jar;C:\Users\abardwe\.m2\repository\org\eclipse\persistence\org.eclipse.persistence.asm\9.1.0\org.eclipse.persistence.asm-9.1.0.jar;C:\Users\abardwe\.m2\repository\org\eclipse\persistence\org.eclipse.persistence.antlr\2.7.9\org.eclipse.persistence.antlr-2.7.9.jar;C:\Users\abardwe\.m2\repository\org\eclipse\persistence\org.eclipse.persistence.jpa.jpql\2.7.9\org.eclipse.persistence.jpa.jpql-2.7.9.jar;C:\Users\abardwe\.m2\repository\org\eclipse\persistence\org.eclipse.persistence.core\2.7.9\org.eclipse.persistence.core-2.7.9.jar;C:\Users\abardwe\.m2\repository\org\hibernate\validator\hibernate-validator\7.0.0.Final\hibernate-validator-7.0.0.Final.jar;C:\Users\abardwe\.m2\repository\jakarta\validation\jakarta.validation-api\3.0.0\jakarta.validation-api-3.0.0.jar;C:\Users\abardwe\.m2\repository\org\jboss\logging\jboss-logging\3.4.1.Final\jboss-logging-3.4.1.Final.jar;C:\Users\abardwe\.m2\repository\com\fasterxml\classmate\1.5.1\classmate-1.5.1.jar;C:\Users\abardwe\.m2\repository\org\glassfish\jakarta.el\4.0.1\jakarta.el-4.0.1.jar;C:\Users\abardwe\.m2\repository\jakarta\el\jakarta.el-api\4.0.0\jakarta.el-api-4.0.0.jar;C:\Users\abardwe\.m2\repository\org\hibernate\validator\hibernate-validator-cdi\7.0.0.Final\hibernate-validator-cdi-7.0.0.Final.jar;C:\Users\abardwe\.m2\repository\javax\servlet\jstl\1.2\jstl-1.2.jar;C:\Users\abardwe\.m2\repository\org\junit\jupiter\junit-jupiter-api\5.7.1\junit-jupiter-api-5.7.1.jar;C:\Users\abardwe\.m2\repository\org\apiguardian\apiguardian-api\1.1.0\apiguardian-api-1.1.0.jar;C:\Users\abardwe\.m2\repository\org\opentest4j\opentest4j\1.2.0\opentest4j-1.2.0.jar;C:\Users\abardwe\.m2\repository\org\junit\platform\junit-platform-commons\1.7.1\junit-platform-commons-1.7.1.jar;C:\Users\abardwe\.m2\repository\org\junit\jupiter\junit-jupiter-engine\5.7.1\junit-jupiter-engine-5.7.1.jar;C:\Users\abardwe\.m2\repository\org\junit\platform\junit-platform-engine\1.7.1\junit-platform-engine-1.7.1.jar;"/>
    <property name="java.vm.vendor" value="Eclipse Foundation"/>
    <property name="sun.arch.data.model" value="64"/>
    <property name="user.variant" value=""/>
    <property name="java.vendor.url" value="https://adoptium.net/"/>
    <property name="user.timezone" value="America/Chicago"/>
    <property name="java.vm.specification.version" value="11"/>
    <property name="os.name" value="Windows 10"/>
    <property name="sun.java.launcher" value="SUN_STANDARD"/>
    <property name="user.country" value="US"/>
    <property name="sun.boot.library.path" value="C:\Program Files\Eclipse Foundation\jdk-11.0.12.7-hotspot\bin"/>
    <property name="sun.java.command" value="C:\Users\abardwe\AppData\Local\Temp\surefire15389481063309469835\surefirebooter10570944244825052438.jar C:\Users\abardwe\AppData\Local\Temp\surefire15389481063309469835 2022-09-16T20-05-34_759-jvmRun1 surefire3844361547062161805tmp surefire_013619707519831007908tmp"/>
    <property name="jdk.debug" value="release"/>
    <property name="surefire.test.class.path" value="C:\Users\abardwe\IdeaProjects\abardwell-fp\target\test-classes;C:\Users\abardwe\IdeaProjects\abardwell-fp\target\classes;C:\Users\abardwe\.m2\repository\javax\javaee-web-api\8.0.1\javaee-web-api-8.0.1.jar;C:\Users\abardwe\.m2\repository\mysql\mysql-connector-java\8.0.25\mysql-connector-java-8.0.25.jar;C:\Users\abardwe\.m2\repository\com\google\protobuf\protobuf-java\3.11.4\protobuf-java-3.11.4.jar;C:\Users\abardwe\.m2\repository\org\eclipse\persistence\org.eclipse.persistence.jpa\2.7.9\org.eclipse.persistence.jpa-2.7.9.jar;C:\Users\abardwe\.m2\repository\org\eclipse\persistence\jakarta.persistence\2.2.3\jakarta.persistence-2.2.3.jar;C:\Users\abardwe\.m2\repository\org\eclipse\persistence\org.eclipse.persistence.asm\9.1.0\org.eclipse.persistence.asm-9.1.0.jar;C:\Users\abardwe\.m2\repository\org\eclipse\persistence\org.eclipse.persistence.antlr\2.7.9\org.eclipse.persistence.antlr-2.7.9.jar;C:\Users\abardwe\.m2\repository\org\eclipse\persistence\org.eclipse.persistence.jpa.jpql\2.7.9\org.eclipse.persistence.jpa.jpql-2.7.9.jar;C:\Users\abardwe\.m2\repository\org\eclipse\persistence\org.eclipse.persistence.core\2.7.9\org.eclipse.persistence.core-2.7.9.jar;C:\Users\abardwe\.m2\repository\org\hibernate\validator\hibernate-validator\7.0.0.Final\hibernate-validator-7.0.0.Final.jar;C:\Users\abardwe\.m2\repository\jakarta\validation\jakarta.validation-api\3.0.0\jakarta.validation-api-3.0.0.jar;C:\Users\abardwe\.m2\repository\org\jboss\logging\jboss-logging\3.4.1.Final\jboss-logging-3.4.1.Final.jar;C:\Users\abardwe\.m2\repository\com\fasterxml\classmate\1.5.1\classmate-1.5.1.jar;C:\Users\abardwe\.m2\repository\org\glassfish\jakarta.el\4.0.1\jakarta.el-4.0.1.jar;C:\Users\abardwe\.m2\repository\jakarta\el\jakarta.el-api\4.0.0\jakarta.el-api-4.0.0.jar;C:\Users\abardwe\.m2\repository\org\hibernate\validator\hibernate-validator-cdi\7.0.0.Final\hibernate-validator-cdi-7.0.0.Final.jar;C:\Users\abardwe\.m2\repository\javax\servlet\jstl\1.2\jstl-1.2.jar;C:\Users\abardwe\.m2\repository\org\junit\jupiter\junit-jupiter-api\5.7.1\junit-jupiter-api-5.7.1.jar;C:\Users\abardwe\.m2\repository\org\apiguardian\apiguardian-api\1.1.0\apiguardian-api-1.1.0.jar;C:\Users\abardwe\.m2\repository\org\opentest4j\opentest4j\1.2.0\opentest4j-1.2.0.jar;C:\Users\abardwe\.m2\repository\org\junit\platform\junit-platform-commons\1.7.1\junit-platform-commons-1.7.1.jar;C:\Users\abardwe\.m2\repository\org\junit\jupiter\junit-jupiter-engine\5.7.1\junit-jupiter-engine-5.7.1.jar;C:\Users\abardwe\.m2\repository\org\junit\platform\junit-platform-engine\1.7.1\junit-platform-engine-1.7.1.jar;"/>
    <property name="sun.cpu.endian" value="little"/>
    <property name="user.home" value="C:\Users\abardwe"/>
    <property name="user.language" value="en"/>
    <property name="java.specification.vendor" value="Oracle Corporation"/>
    <property name="java.version.date" value="2021-07-20"/>
    <property name="java.home" value="C:\Program Files\Eclipse Foundation\jdk-11.0.12.7-hotspot"/>
    <property name="file.separator" value="\"/>
    <property name="basedir" value="C:\Users\abardwe\IdeaProjects\abardwell-fp"/>
    <property name="java.vm.compressedOopsMode" value="Zero based"/>
    <property name="line.separator" value="&#10;"/>
    <property name="java.specification.name" value="Java Platform API Specification"/>
    <property name="java.vm.specification.vendor" value="Oracle Corporation"/>
    <property name="java.awt.graphicsenv" value="sun.awt.Win32GraphicsEnvironment"/>
    <property name="surefire.real.class.path" value="C:\Users\abardwe\AppData\Local\Temp\surefire15389481063309469835\surefirebooter10570944244825052438.jar"/>
    <property name="user.script" value=""/>
    <property name="sun.management.compiler" value="HotSpot 64-Bit Tiered Compilers"/>
    <property name="java.runtime.version" value="11.0.12+7"/>
    <property name="user.name" value="abardwe"/>
    <property name="path.separator" value=";"/>
    <property name="os.version" value="10.0"/>
    <property name="java.runtime.name" value="OpenJDK Runtime Environment"/>
    <property name="file.encoding" value="Cp1252"/>
    <property name="java.vm.name" value="OpenJDK 64-Bit Server VM"/>
    <property name="java.vendor.version" value="Temurin-11.0.12+7"/>
    <property name="localRepository" value="C:\Users\abardwe\.m2\repository"/>
    <property name="java.vendor.url.bug" value="https://github.com/adoptium/adoptium-support/issues"/>
    <property name="java.io.tmpdir" value="C:\Users\abardwe\AppData\Local\Temp\"/>
    <property name="idea.version" value="2021.2.2"/>
    <property name="java.version" value="11.0.12"/>
    <property name="user.dir" value="C:\Users\abardwe\IdeaProjects\abardwell-fp"/>
    <property name="os.arch" value="amd64"/>
    <property name="java.vm.specification.name" value="Java Virtual Machine Specification"/>
    <property name="java.awt.printerjob" value="sun.awt.windows.WPrinterJob"/>
    <property name="sun.os.patch.level" value=""/>
    <property name="java.library.path" value="C:\Program Files\Eclipse Foundation\jdk-11.0.12.7-hotspot\bin;C:\WINDOWS\Sun\Java\bin;C:\WINDOWS\system32;C:\WINDOWS;C:\Program Files\Eclipse Foundation\jdk-11.0.12.7-hotspot\bin;C:\WINDOWS\system32;C:\WINDOWS;C:\WINDOWS\System32\Wbem;C:\WINDOWS\System32\WindowsPowerShell\v1.0\;C:\WINDOWS\System32\OpenSSH\;C:\Program Files\dotnet\;C:\Program Files\Git\cmd;C:\Program Files\MySQL\MySQL Shell 8.0\bin\;C:\Users\abardwe\AppData\Local\Programs\Python\Python39\Scripts\;C:\Users\abardwe\AppData\Local\Programs\Python\Python39\;C:\Users\abardwe\AppData\Local\Microsoft\WindowsApps;;C:\Users\abardwe\AppData\Local\Programs\Microsoft VS Code\bin;C:\Users\abardwe\.dotnet\tools;C:\Users\abardwe\AppData\Local\JetBrains\Toolbox\scripts;."/>
    <property name="java.vm.info" value="mixed mode"/>
    <property name="java.vendor" value="Eclipse Foundation"/>
    <property name="java.vm.version" value="11.0.12+7"/>
    <property name="sun.io.unicode.encoding" value="UnicodeLittle"/>
    <property name="java.class.version" value="55.0"/>
  </properties>
  <testcase name="testManytoManyBiDirectionalOwnerDressRelationship" classname="edu.itmd4515.abardwell.DressTest" time="0.233">
    <failure message="expected: &lt;true&gt; but was: &lt;false&gt;" type="org.opentest4j.AssertionFailedError"><![CDATA[org.opentest4j.AssertionFailedError: expected: <true> but was: <false>
	at edu.itmd4515.abardwell.DressTest.testManytoManyBiDirectionalOwnerDressRelationship(DressTest.java:136)
]]></failure>
    <system-out><![CDATA[[EL Info]: 2022-09-16 20:05:36.792--ServerSession(938613108)--EclipseLink, version: Eclipse Persistence Services - 2.7.9.v20210604-2c549e2208
From the owning side: []
From the non-oqning side: []
]]></system-out>
    <system-err><![CDATA[Sep 16, 2022 8:05:38 PM edu.itmd4515.abardwell.DressTest beforeEach
INFO: Dress{id=1, name='TESTCASE', birthDate=1990-12-20, age=null, type=Slip}
Sep 16, 2022 8:05:38 PM edu.itmd4515.abardwell.DressTest testManytoManyBiDirectionalOwnerDressRelationship
INFO: testManyToManyBiDirectionalOwnerPetRelationship ============================================>
Sep 16, 2022 8:05:38 PM edu.itmd4515.abardwell.DressTest afterEach
INFO: Dress{id=1, name='TESTCASE', birthDate=1990-12-20, age=null, type=Slip}
]]></system-err>
  </testcase>
  <testcase name="deleteDressTest" classname="edu.itmd4515.abardwell.DressTest" time="0.027"/>
  <testcase name="updateDressTest" classname="edu.itmd4515.abardwell.DressTest" time="0.087"/>
  <testcase name="CreateDressTest" classname="edu.itmd4515.abardwell.DressTest" time="0.108"/>
  <testcase name="readDressTest" classname="edu.itmd4515.abardwell.DressTest" time="0.085"/>
</testsuite>