<?xml version="1.0" encoding="UTF-8"?>
<testsuite xmlns:xsi="http://www.w3.org/2001/XMLSchema-instance" xsi:noNamespaceSchemaLocation="https://maven.apache.org/surefire/maven-surefire-plugin/xsd/surefire-test-report.xsd" name="edu.itmd4515.abardwell.DressTest" time="1.993" tests="4" errors="4" skipped="0" failures="0">
  <properties>
    <property name="sun.desktop" value="windows"/>
    <property name="awt.toolkit" value="sun.awt.windows.WToolkit"/>
    <property name="java.specification.version" value="11"/>
    <property name="sun.cpu.isalist" value="amd64"/>
    <property name="sun.jnu.encoding" value="Cp1252"/>
    <property name="java.class.path" value="C:\Users\abardwe\IdeaProjects\abardwell-fp\target\test-classes;C:\Users\abardwe\IdeaProjects\abardwell-fp\target\classes;C:\Users\abardwe\.m2\repository\javax\javaee-web-api\8.0.1\javaee-web-api-8.0.1.jar;C:\Users\abardwe\.m2\repository\mysql\mysql-connector-java\8.0.25\mysql-connector-java-8.0.25.jar;C:\Users\abardwe\.m2\repository\com\google\protobuf\protobuf-java\3.11.4\protobuf-java-3.11.4.jar;C:\Users\abardwe\.m2\repository\org\eclipse\persistence\org.eclipse.persistence.jpa\2.7.9\org.eclipse.persistence.jpa-2.7.9.jar;C:\Users\abardwe\.m2\repository\org\eclipse\persistence\jakarta.persistence\2.2.3\jakarta.persistence-2.2.3.jar;C:\Users\abardwe\.m2\repository\org\eclipse\persistence\org.eclipse.persistence.asm\9.1.0\org.eclipse.persistence.asm-9.1.0.jar;C:\Users\abardwe\.m2\repository\org\eclipse\persistence\org.eclipse.persistence.antlr\2.7.9\org.eclipse.persistence.antlr-2.7.9.jar;C:\Users\abardwe\.m2\repository\org\eclipse\persistence\org.eclipse.persistence.jpa.jpql\2.7.9\org.eclipse.persistence.jpa.jpql-2.7.9.jar;C:\Users\abardwe\.m2\repository\org\eclipse\persistence\org.eclipse.persistence.core\2.7.9\org.eclipse.persistence.core-2.7.9.jar;C:\Users\abardwe\.m2\repository\org\hibernate\validator\hibernate-validator\7.0.0.Final\hibernate-validator-7.0.0.Final.jar;C:\Users\abardwe\.m2\repository\jakarta\validation\jakarta.validation-api\3.0.0\jakarta.validation-api-3.0.0.jar;C:\Users\abardwe\.m2\repository\org\jboss\logging\jboss-logging\3.4.1.Final\jboss-logging-3.4.1.Final.jar;C:\Users\abardwe\.m2\repository\com\fasterxml\classmate\1.5.1\classmate-1.5.1.jar;C:\Users\abardwe\.m2\repository\org\glassfish\jakarta.el\4.0.1\jakarta.el-4.0.1.jar;C:\Users\abardwe\.m2\repository\jakarta\el\jakarta.el-api\4.0.0\jakarta.el-api-4.0.0.jar;C:\Users\abardwe\.m2\repository\org\hibernate\validator\hibernate-validator-cdi\7.0.0.Final\hibernate-validator-cdi-7.0.0.Final.jar;C:\Users\abardwe\.m2\repository\javax\servlet\jstl\1.2\jstl-1.2.jar;C:\Users\abardwe\.m2\repository\org\junit\jupiter\junit-jupiter-api\5.7.1\junit-jupiter-api-5.7.1.jar;C:\Users\abardwe\.m2\repository\org\apiguardian\apiguardian-api\1.1.0\apiguardian-api-1.1.0.jar;C:\Users\abardwe\.m2\repository\org\opentest4j\opentest4j\1.2.0\opentest4j-1.2.0.jar;C:\Users\abardwe\.m2\repository\org\junit\platform\junit-platform-commons\1.7.1\junit-platform-commons-1.7.1.jar;C:\Users\abardwe\.m2\repository\org\junit\jupiter\junit-jupiter-engine\5.7.1\junit-jupiter-engine-5.7.1.jar;C:\Users\abardwe\.m2\repository\org\junit\platform\junit-platform-engine\1.7.1\junit-platform-engine-1.7.1.jar;"/>
    <property name="java.vm.vendor" value="Eclipse Foundation"/>
    <property name="sun.arch.data.model" value="64"/>
    <property name="user.variant" value=""/>
    <property name="java.vendor.url" value="https://adoptium.net/"/>
    <property name="user.timezone" value="America/Chicago"/>
    <property name="java.vm.specification.version" value="11"/>
    <property name="os.name" value="Windows 10"/>
    <property name="sun.java.launcher" value="SUN_STANDARD"/>
    <property name="user.country" value="US"/>
    <property name="sun.boot.library.path" value="C:\Program Files\Eclipse Foundation\jdk-11.0.12.7-hotspot\bin"/>
    <property name="sun.java.command" value="C:\Users\abardwe\AppData\Local\Temp\surefire10499809331871973351\surefirebooter16689668887108929821.jar C:\Users\abardwe\AppData\Local\Temp\surefire10499809331871973351 2022-09-16T14-01-30_837-jvmRun1 surefire2672089706201879587tmp surefire_03860940733680030260tmp"/>
    <property name="jdk.debug" value="release"/>
    <property name="surefire.test.class.path" value="C:\Users\abardwe\IdeaProjects\abardwell-fp\target\test-classes;C:\Users\abardwe\IdeaProjects\abardwell-fp\target\classes;C:\Users\abardwe\.m2\repository\javax\javaee-web-api\8.0.1\javaee-web-api-8.0.1.jar;C:\Users\abardwe\.m2\repository\mysql\mysql-connector-java\8.0.25\mysql-connector-java-8.0.25.jar;C:\Users\abardwe\.m2\repository\com\google\protobuf\protobuf-java\3.11.4\protobuf-java-3.11.4.jar;C:\Users\abardwe\.m2\repository\org\eclipse\persistence\org.eclipse.persistence.jpa\2.7.9\org.eclipse.persistence.jpa-2.7.9.jar;C:\Users\abardwe\.m2\repository\org\eclipse\persistence\jakarta.persistence\2.2.3\jakarta.persistence-2.2.3.jar;C:\Users\abardwe\.m2\repository\org\eclipse\persistence\org.eclipse.persistence.asm\9.1.0\org.eclipse.persistence.asm-9.1.0.jar;C:\Users\abardwe\.m2\repository\org\eclipse\persistence\org.eclipse.persistence.antlr\2.7.9\org.eclipse.persistence.antlr-2.7.9.jar;C:\Users\abardwe\.m2\repository\org\eclipse\persistence\org.eclipse.persistence.jpa.jpql\2.7.9\org.eclipse.persistence.jpa.jpql-2.7.9.jar;C:\Users\abardwe\.m2\repository\org\eclipse\persistence\org.eclipse.persistence.core\2.7.9\org.eclipse.persistence.core-2.7.9.jar;C:\Users\abardwe\.m2\repository\org\hibernate\validator\hibernate-validator\7.0.0.Final\hibernate-validator-7.0.0.Final.jar;C:\Users\abardwe\.m2\repository\jakarta\validation\jakarta.validation-api\3.0.0\jakarta.validation-api-3.0.0.jar;C:\Users\abardwe\.m2\repository\org\jboss\logging\jboss-logging\3.4.1.Final\jboss-logging-3.4.1.Final.jar;C:\Users\abardwe\.m2\repository\com\fasterxml\classmate\1.5.1\classmate-1.5.1.jar;C:\Users\abardwe\.m2\repository\org\glassfish\jakarta.el\4.0.1\jakarta.el-4.0.1.jar;C:\Users\abardwe\.m2\repository\jakarta\el\jakarta.el-api\4.0.0\jakarta.el-api-4.0.0.jar;C:\Users\abardwe\.m2\repository\org\hibernate\validator\hibernate-validator-cdi\7.0.0.Final\hibernate-validator-cdi-7.0.0.Final.jar;C:\Users\abardwe\.m2\repository\javax\servlet\jstl\1.2\jstl-1.2.jar;C:\Users\abardwe\.m2\repository\org\junit\jupiter\junit-jupiter-api\5.7.1\junit-jupiter-api-5.7.1.jar;C:\Users\abardwe\.m2\repository\org\apiguardian\apiguardian-api\1.1.0\apiguardian-api-1.1.0.jar;C:\Users\abardwe\.m2\repository\org\opentest4j\opentest4j\1.2.0\opentest4j-1.2.0.jar;C:\Users\abardwe\.m2\repository\org\junit\platform\junit-platform-commons\1.7.1\junit-platform-commons-1.7.1.jar;C:\Users\abardwe\.m2\repository\org\junit\jupiter\junit-jupiter-engine\5.7.1\junit-jupiter-engine-5.7.1.jar;C:\Users\abardwe\.m2\repository\org\junit\platform\junit-platform-engine\1.7.1\junit-platform-engine-1.7.1.jar;"/>
    <property name="sun.cpu.endian" value="little"/>
    <property name="user.home" value="C:\Users\abardwe"/>
    <property name="user.language" value="en"/>
    <property name="java.specification.vendor" value="Oracle Corporation"/>
    <property name="java.version.date" value="2021-07-20"/>
    <property name="java.home" value="C:\Program Files\Eclipse Foundation\jdk-11.0.12.7-hotspot"/>
    <property name="file.separator" value="\"/>
    <property name="basedir" value="C:\Users\abardwe\IdeaProjects\abardwell-fp"/>
    <property name="java.vm.compressedOopsMode" value="Zero based"/>
    <property name="line.separator" value="&#10;"/>
    <property name="java.specification.name" value="Java Platform API Specification"/>
    <property name="java.vm.specification.vendor" value="Oracle Corporation"/>
    <property name="java.awt.graphicsenv" value="sun.awt.Win32GraphicsEnvironment"/>
    <property name="surefire.real.class.path" value="C:\Users\abardwe\AppData\Local\Temp\surefire10499809331871973351\surefirebooter16689668887108929821.jar"/>
    <property name="user.script" value=""/>
    <property name="sun.management.compiler" value="HotSpot 64-Bit Tiered Compilers"/>
    <property name="java.runtime.version" value="11.0.12+7"/>
    <property name="user.name" value="abardwe"/>
    <property name="path.separator" value=";"/>
    <property name="os.version" value="10.0"/>
    <property name="java.runtime.name" value="OpenJDK Runtime Environment"/>
    <property name="file.encoding" value="Cp1252"/>
    <property name="java.vm.name" value="OpenJDK 64-Bit Server VM"/>
    <property name="java.vendor.version" value="Temurin-11.0.12+7"/>
    <property name="localRepository" value="C:\Users\abardwe\.m2\repository"/>
    <property name="java.vendor.url.bug" value="https://github.com/adoptium/adoptium-support/issues"/>
    <property name="java.io.tmpdir" value="C:\Users\abardwe\AppData\Local\Temp\"/>
    <property name="idea.version" value="2021.2.2"/>
    <property name="java.version" value="11.0.12"/>
    <property name="user.dir" value="C:\Users\abardwe\IdeaProjects\abardwell-fp"/>
    <property name="os.arch" value="amd64"/>
    <property name="java.vm.specification.name" value="Java Virtual Machine Specification"/>
    <property name="java.awt.printerjob" value="sun.awt.windows.WPrinterJob"/>
    <property name="sun.os.patch.level" value=""/>
    <property name="java.library.path" value="C:\Program Files\Eclipse Foundation\jdk-11.0.12.7-hotspot\bin;C:\WINDOWS\Sun\Java\bin;C:\WINDOWS\system32;C:\WINDOWS;C:\Program Files\Eclipse Foundation\jdk-11.0.12.7-hotspot\bin;C:\WINDOWS\system32;C:\WINDOWS;C:\WINDOWS\System32\Wbem;C:\WINDOWS\System32\WindowsPowerShell\v1.0\;C:\WINDOWS\System32\OpenSSH\;C:\Program Files\dotnet\;C:\Program Files\Git\cmd;C:\Program Files\MySQL\MySQL Shell 8.0\bin\;C:\Users\abardwe\AppData\Local\Programs\Python\Python39\Scripts\;C:\Users\abardwe\AppData\Local\Programs\Python\Python39\;C:\Users\abardwe\AppData\Local\Microsoft\WindowsApps;;C:\Users\abardwe\AppData\Local\Programs\Microsoft VS Code\bin;C:\Users\abardwe\.dotnet\tools;C:\Users\abardwe\AppData\Local\JetBrains\Toolbox\scripts;."/>
    <property name="java.vm.info" value="mixed mode"/>
    <property name="java.vendor" value="Eclipse Foundation"/>
    <property name="java.vm.version" value="11.0.12+7"/>
    <property name="sun.io.unicode.encoding" value="UnicodeLittle"/>
    <property name="java.class.version" value="55.0"/>
  </properties>
  <testcase name="deleteDressTest" classname="edu.itmd4515.abardwell.DressTest" time="0.101">
    <error message="Exception [EclipseLink-4002] (Eclipse Persistence Services - 2.7.9.v20210604-2c549e2208): org.eclipse.persistence.exceptions.DatabaseException&#10;Internal Exception: java.sql.SQLSyntaxErrorException: INSERT command denied to user &apos;itmd4515&apos;@&apos;localhost&apos; for table &apos;dress&apos;&#10;Error Code: 1142&#10;Call: INSERT INTO dress (BIRTHDATE, Dress_name, TYPE) VALUES (?, ?, ?)&#10;	bind =&gt; [3 parameters bound]&#10;Query: InsertObjectQuery(Dress{id=null, name=&apos;TESTCASE&apos;, birthDate=2022-06-13, age=null, type=Bouffont})" type="javax.persistence.RollbackException">javax.persistence.RollbackException: 
Exception [EclipseLink-4002] (Eclipse Persistence Services - 2.7.9.v20210604-2c549e2208): org.eclipse.persistence.exceptions.DatabaseException
Internal Exception: java.sql.SQLSyntaxErrorException: INSERT command denied to user 'itmd4515'@'localhost' for table 'dress'
Error Code: 1142
Call: INSERT INTO dress (BIRTHDATE, Dress_name, TYPE) VALUES (?, ?, ?)
	bind => [3 parameters bound]
Query: InsertObjectQuery(Dress{id=null, name='TESTCASE', birthDate=2022-06-13, age=null, type=Bouffont})
	at edu.itmd4515.abardwell.DressTest.beforeEach(DressTest.java:43)
Caused by: org.eclipse.persistence.exceptions.DatabaseException: 

Internal Exception: java.sql.SQLSyntaxErrorException: INSERT command denied to user 'itmd4515'@'localhost' for table 'dress'
Error Code: 1142
Call: INSERT INTO dress (BIRTHDATE, Dress_name, TYPE) VALUES (?, ?, ?)
	bind => [3 parameters bound]
Query: InsertObjectQuery(Dress{id=null, name='TESTCASE', birthDate=2022-06-13, age=null, type=Bouffont})
	at edu.itmd4515.abardwell.DressTest.beforeEach(DressTest.java:43)
Caused by: java.sql.SQLSyntaxErrorException: INSERT command denied to user 'itmd4515'@'localhost' for table 'dress'
	at edu.itmd4515.abardwell.DressTest.beforeEach(DressTest.java:43)
</error>
    <system-out><![CDATA[[EL Info]: 2022-09-16 14:01:32.706--ServerSession(124494140)--EclipseLink, version: Eclipse Persistence Services - 2.7.9.v20210604-2c549e2208
[EL Warning]: 2022-09-16 14:01:33.81--UnitOfWork(305651902)--Exception [EclipseLink-4002] (Eclipse Persistence Services - 2.7.9.v20210604-2c549e2208): org.eclipse.persistence.exceptions.DatabaseException
Internal Exception: java.sql.SQLSyntaxErrorException: INSERT command denied to user 'itmd4515'@'localhost' for table 'dress'
Error Code: 1142
Call: INSERT INTO dress (BIRTHDATE, Dress_name, TYPE) VALUES (?, ?, ?)
	bind => [3 parameters bound]
Query: InsertObjectQuery(Dress{id=null, name='TESTCASE', birthDate=2022-06-13, age=null, type=Bouffont})
]]></system-out>
  </testcase>
  <testcase name="updateDressTest" classname="edu.itmd4515.abardwell.DressTest" time="0.01">
    <error message="Exception [EclipseLink-4002] (Eclipse Persistence Services - 2.7.9.v20210604-2c549e2208): org.eclipse.persistence.exceptions.DatabaseException&#10;Internal Exception: java.sql.SQLSyntaxErrorException: INSERT command denied to user &apos;itmd4515&apos;@&apos;localhost&apos; for table &apos;dress&apos;&#10;Error Code: 1142&#10;Call: INSERT INTO dress (BIRTHDATE, Dress_name, TYPE) VALUES (?, ?, ?)&#10;	bind =&gt; [3 parameters bound]&#10;Query: InsertObjectQuery(Dress{id=null, name=&apos;TESTCASE&apos;, birthDate=2022-06-13, age=null, type=Bouffont})" type="javax.persistence.RollbackException">javax.persistence.RollbackException: 
Exception [EclipseLink-4002] (Eclipse Persistence Services - 2.7.9.v20210604-2c549e2208): org.eclipse.persistence.exceptions.DatabaseException
Internal Exception: java.sql.SQLSyntaxErrorException: INSERT command denied to user 'itmd4515'@'localhost' for table 'dress'
Error Code: 1142
Call: INSERT INTO dress (BIRTHDATE, Dress_name, TYPE) VALUES (?, ?, ?)
	bind => [3 parameters bound]
Query: InsertObjectQuery(Dress{id=null, name='TESTCASE', birthDate=2022-06-13, age=null, type=Bouffont})
	at edu.itmd4515.abardwell.DressTest.beforeEach(DressTest.java:43)
Caused by: org.eclipse.persistence.exceptions.DatabaseException: 

Internal Exception: java.sql.SQLSyntaxErrorException: INSERT command denied to user 'itmd4515'@'localhost' for table 'dress'
Error Code: 1142
Call: INSERT INTO dress (BIRTHDATE, Dress_name, TYPE) VALUES (?, ?, ?)
	bind => [3 parameters bound]
Query: InsertObjectQuery(Dress{id=null, name='TESTCASE', birthDate=2022-06-13, age=null, type=Bouffont})
	at edu.itmd4515.abardwell.DressTest.beforeEach(DressTest.java:43)
Caused by: java.sql.SQLSyntaxErrorException: INSERT command denied to user 'itmd4515'@'localhost' for table 'dress'
	at edu.itmd4515.abardwell.DressTest.beforeEach(DressTest.java:43)
</error>
    <system-out><![CDATA[[EL Warning]: 2022-09-16 14:01:33.867--UnitOfWork(2097989776)--Exception [EclipseLink-4002] (Eclipse Persistence Services - 2.7.9.v20210604-2c549e2208): org.eclipse.persistence.exceptions.DatabaseException
Internal Exception: java.sql.SQLSyntaxErrorException: INSERT command denied to user 'itmd4515'@'localhost' for table 'dress'
Error Code: 1142
Call: INSERT INTO dress (BIRTHDATE, Dress_name, TYPE) VALUES (?, ?, ?)
	bind => [3 parameters bound]
Query: InsertObjectQuery(Dress{id=null, name='TESTCASE', birthDate=2022-06-13, age=null, type=Bouffont})
]]></system-out>
  </testcase>
  <testcase name="CreateDressTest" classname="edu.itmd4515.abardwell.DressTest" time="0.009">
    <error message="Exception [EclipseLink-4002] (Eclipse Persistence Services - 2.7.9.v20210604-2c549e2208): org.eclipse.persistence.exceptions.DatabaseException&#10;Internal Exception: java.sql.SQLSyntaxErrorException: INSERT command denied to user &apos;itmd4515&apos;@&apos;localhost&apos; for table &apos;dress&apos;&#10;Error Code: 1142&#10;Call: INSERT INTO dress (BIRTHDATE, Dress_name, TYPE) VALUES (?, ?, ?)&#10;	bind =&gt; [3 parameters bound]&#10;Query: InsertObjectQuery(Dress{id=null, name=&apos;TESTCASE&apos;, birthDate=2022-06-13, age=null, type=Bouffont})" type="javax.persistence.RollbackException">javax.persistence.RollbackException: 
Exception [EclipseLink-4002] (Eclipse Persistence Services - 2.7.9.v20210604-2c549e2208): org.eclipse.persistence.exceptions.DatabaseException
Internal Exception: java.sql.SQLSyntaxErrorException: INSERT command denied to user 'itmd4515'@'localhost' for table 'dress'
Error Code: 1142
Call: INSERT INTO dress (BIRTHDATE, Dress_name, TYPE) VALUES (?, ?, ?)
	bind => [3 parameters bound]
Query: InsertObjectQuery(Dress{id=null, name='TESTCASE', birthDate=2022-06-13, age=null, type=Bouffont})
	at edu.itmd4515.abardwell.DressTest.beforeEach(DressTest.java:43)
Caused by: org.eclipse.persistence.exceptions.DatabaseException: 

Internal Exception: java.sql.SQLSyntaxErrorException: INSERT command denied to user 'itmd4515'@'localhost' for table 'dress'
Error Code: 1142
Call: INSERT INTO dress (BIRTHDATE, Dress_name, TYPE) VALUES (?, ?, ?)
	bind => [3 parameters bound]
Query: InsertObjectQuery(Dress{id=null, name='TESTCASE', birthDate=2022-06-13, age=null, type=Bouffont})
	at edu.itmd4515.abardwell.DressTest.beforeEach(DressTest.java:43)
Caused by: java.sql.SQLSyntaxErrorException: INSERT command denied to user 'itmd4515'@'localhost' for table 'dress'
	at edu.itmd4515.abardwell.DressTest.beforeEach(DressTest.java:43)
</error>
    <system-out><![CDATA[[EL Warning]: 2022-09-16 14:01:33.878--UnitOfWork(1732513254)--Exception [EclipseLink-4002] (Eclipse Persistence Services - 2.7.9.v20210604-2c549e2208): org.eclipse.persistence.exceptions.DatabaseException
Internal Exception: java.sql.SQLSyntaxErrorException: INSERT command denied to user 'itmd4515'@'localhost' for table 'dress'
Error Code: 1142
Call: INSERT INTO dress (BIRTHDATE, Dress_name, TYPE) VALUES (?, ?, ?)
	bind => [3 parameters bound]
Query: InsertObjectQuery(Dress{id=null, name='TESTCASE', birthDate=2022-06-13, age=null, type=Bouffont})
]]></system-out>
  </testcase>
  <testcase name="readDressTest" classname="edu.itmd4515.abardwell.DressTest" time="0.012">
    <error message="Exception [EclipseLink-4002] (Eclipse Persistence Services - 2.7.9.v20210604-2c549e2208): org.eclipse.persistence.exceptions.DatabaseException&#10;Internal Exception: java.sql.SQLSyntaxErrorException: INSERT command denied to user &apos;itmd4515&apos;@&apos;localhost&apos; for table &apos;dress&apos;&#10;Error Code: 1142&#10;Call: INSERT INTO dress (BIRTHDATE, Dress_name, TYPE) VALUES (?, ?, ?)&#10;	bind =&gt; [3 parameters bound]&#10;Query: InsertObjectQuery(Dress{id=null, name=&apos;TESTCASE&apos;, birthDate=2022-06-13, age=null, type=Bouffont})" type="javax.persistence.RollbackException">javax.persistence.RollbackException: 
Exception [EclipseLink-4002] (Eclipse Persistence Services - 2.7.9.v20210604-2c549e2208): org.eclipse.persistence.exceptions.DatabaseException
Internal Exception: java.sql.SQLSyntaxErrorException: INSERT command denied to user 'itmd4515'@'localhost' for table 'dress'
Error Code: 1142
Call: INSERT INTO dress (BIRTHDATE, Dress_name, TYPE) VALUES (?, ?, ?)
	bind => [3 parameters bound]
Query: InsertObjectQuery(Dress{id=null, name='TESTCASE', birthDate=2022-06-13, age=null, type=Bouffont})
	at edu.itmd4515.abardwell.DressTest.beforeEach(DressTest.java:43)
Caused by: org.eclipse.persistence.exceptions.DatabaseException: 

Internal Exception: java.sql.SQLSyntaxErrorException: INSERT command denied to user 'itmd4515'@'localhost' for table 'dress'
Error Code: 1142
Call: INSERT INTO dress (BIRTHDATE, Dress_name, TYPE) VALUES (?, ?, ?)
	bind => [3 parameters bound]
Query: InsertObjectQuery(Dress{id=null, name='TESTCASE', birthDate=2022-06-13, age=null, type=Bouffont})
	at edu.itmd4515.abardwell.DressTest.beforeEach(DressTest.java:43)
Caused by: java.sql.SQLSyntaxErrorException: INSERT command denied to user 'itmd4515'@'localhost' for table 'dress'
	at edu.itmd4515.abardwell.DressTest.beforeEach(DressTest.java:43)
</error>
    <system-out><![CDATA[[EL Warning]: 2022-09-16 14:01:33.889--UnitOfWork(181372317)--Exception [EclipseLink-4002] (Eclipse Persistence Services - 2.7.9.v20210604-2c549e2208): org.eclipse.persistence.exceptions.DatabaseException
Internal Exception: java.sql.SQLSyntaxErrorException: INSERT command denied to user 'itmd4515'@'localhost' for table 'dress'
Error Code: 1142
Call: INSERT INTO dress (BIRTHDATE, Dress_name, TYPE) VALUES (?, ?, ?)
	bind => [3 parameters bound]
Query: InsertObjectQuery(Dress{id=null, name='TESTCASE', birthDate=2022-06-13, age=null, type=Bouffont})
]]></system-out>
  </testcase>
</testsuite>